d:\new_src\algo_plugin.lib
d:\new_src\algo_plugin.exp
d:\algo_plugin\algo_plugin\algo_plugin\debug\algo_plugin.pch
d:\algo_plugin\algo_plugin\algo_plugin\debug\vc141.pdb
d:\algo_plugin\algo_plugin\algo_plugin\debug\vc141.idb
d:\algo_plugin\algo_plugin\algo_plugin\debug\stdafx.obj
d:\algo_plugin\algo_plugin\algo_plugin\debug\algo_plugin.obj
d:\algo_plugin\algo_plugin\algo_plugin\debug\algorithms.obj
d:\new_src\algo_plugin.ilk
d:\new_src\algo_plugin.dll
d:\new_src\algo_plugin.pdb
d:\algo_plugin\algo_plugin\algo_plugin\debug\algo_plugin.res
d:\algo_plugin\algo_plugin\algo_plugin\debug\algo_plugin.tlog\algo_plugin.write.1u.tlog
d:\algo_plugin\algo_plugin\algo_plugin\debug\algo_plugin.tlog\cl.command.1.tlog
d:\algo_plugin\algo_plugin\algo_plugin\debug\algo_plugin.tlog\cl.read.1.tlog
d:\algo_plugin\algo_plugin\algo_plugin\debug\algo_plugin.tlog\cl.write.1.tlog
d:\algo_plugin\algo_plugin\algo_plugin\debug\algo_plugin.tlog\link.command.1.tlog
d:\algo_plugin\algo_plugin\algo_plugin\debug\algo_plugin.tlog\link.read.1.tlog
d:\algo_plugin\algo_plugin\algo_plugin\debug\algo_plugin.tlog\link.write.1.tlog
d:\algo_plugin\algo_plugin\algo_plugin\debug\algo_plugin.tlog\rc.command.1.tlog
d:\algo_plugin\algo_plugin\algo_plugin\debug\algo_plugin.tlog\rc.read.1.tlog
d:\algo_plugin\algo_plugin\algo_plugin\debug\algo_plugin.tlog\rc.write.1.tlog
